<?xml version="1.0" encoding="UTF-8"?>
<!-- Generated by org.testng.reporters.JUnitReportReporter -->
<testsuite skipped="0" hostname="roni-laptop" name="tests.LoginDDT" tests="4" failures="0" timestamp="08 Jan 2018 03:05:11 GMT" time="37.553" errors="0">
  <testcase name="loginTest" time="9.639" classname="tests.LoginDDT"/>
  <testcase name="loginTest" time="8.959" classname="tests.LoginDDT"/>
  <testcase name="loginTest" time="9.696" classname="tests.LoginDDT"/>
  <testcase name="loginTest" time="9.259" classname="tests.LoginDDT"/>
</testsuite> <!-- tests.LoginDDT -->
