<?xml version="1.0" encoding="UTF-8"?>
<!-- Generated by org.testng.reporters.JUnitReportReporter -->
<testsuite skipped="0" hostname="roni-laptop" name="smoketests.ATagsTest" tests="1" failures="0" timestamp="04 Jan 2018 06:41:44 GMT" time="0.006" errors="0">
  <testcase name="f" time="0.006" classname="smoketests.ATagsTest"/>
</testsuite> <!-- smoketests.ATagsTest -->
