<?xml version="1.0" encoding="UTF-8"?>
<!-- Generated by org.testng.reporters.JUnitReportReporter -->
<testsuite skipped="0" hostname="roni-laptop" name="tests.LoginFactoryTest" tests="1" failures="0" timestamp="14 Jan 2018 23:55:54 GMT" time="9.213" errors="0">
  <testcase name="loginTestPageFactory" time="9.213" classname="tests.LoginFactoryTest"/>
</testsuite> <!-- tests.LoginFactoryTest -->
