<?xml version="1.0" encoding="UTF-8"?>
<!-- Generated by org.testng.reporters.JUnitReportReporter -->
<testsuite skipped="0" hostname="roni-laptop" name="smoketests.LoginElementsPresentTestNG" tests="2" failures="0" timestamp="04 Jan 2018 06:41:44 GMT" time="9.274" errors="0">
  <testcase name="loginElementsPresentTest" time="6.267" classname="smoketests.LoginElementsPresentTestNG"/>
  <testcase name="loginElementsPresentTest" time="3.007" classname="smoketests.LoginElementsPresentTestNG"/>
</testsuite> <!-- smoketests.LoginElementsPresentTestNG -->
