<?xml version="1.0" encoding="UTF-8"?>
<!-- Generated by org.testng.reporters.JUnitReportReporter -->
<testsuite skipped="0" hostname="roni-laptop" name="tests.Expedia" tests="1" failures="0" timestamp="14 Jan 2018 07:16:57 GMT" time="49.659" errors="0">
  <testcase name="hotelReservation" time="49.659" classname="tests.Expedia"/>
</testsuite> <!-- tests.Expedia -->
