<?xml version="1.0" encoding="UTF-8"?>
<!-- Generated by org.testng.reporters.JUnitReportReporter -->
<testsuite skipped="0" hostname="roni-laptop" name="tests.Login" tests="1" failures="0" timestamp="14 Jan 2018 23:11:08 GMT" time="8.545" errors="0">
  <testcase name="loginTestPOM" time="8.545" classname="tests.Login"/>
</testsuite> <!-- tests.Login -->
